Performing C SOURCE FILE Test CMAKE_HAVE_LIBC_PTHREAD failed with the following output:
Change Dir: /home/sorimjangddol/termhome/practice_Geant4_1/CMakeFiles/CMakeTmp

Run Build Command(s):/usr/bin/make cmTC_9cd72/fast && /usr/bin/make -f CMakeFiles/cmTC_9cd72.dir/build.make CMakeFiles/cmTC_9cd72.dir/build
make[1]: Entering directory '/home/sorimjangddol/termhome/practice_Geant4_1/CMakeFiles/CMakeTmp'
Building C object CMakeFiles/cmTC_9cd72.dir/src.c.o
/usr/bin/cc   -DCMAKE_HAVE_LIBC_PTHREAD   -o CMakeFiles/cmTC_9cd72.dir/src.c.o   -c /home/sorimjangddol/termhome/practice_Geant4_1/CMakeFiles/CMakeTmp/src.c
Linking C executable cmTC_9cd72
/usr/bin/cmake -E cmake_link_script CMakeFiles/cmTC_9cd72.dir/link.txt --verbose=1
/usr/bin/cc  -DCMAKE_HAVE_LIBC_PTHREAD    CMakeFiles/cmTC_9cd72.dir/src.c.o  -o cmTC_9cd72 
/usr/bin/ld: CMakeFiles/cmTC_9cd72.dir/src.c.o: in function `main':
src.c:(.text+0x46): undefined reference to `pthread_create'
/usr/bin/ld: src.c:(.text+0x52): undefined reference to `pthread_detach'
/usr/bin/ld: src.c:(.text+0x63): undefined reference to `pthread_join'
collect2: error: ld returned 1 exit status
make[1]: *** [CMakeFiles/cmTC_9cd72.dir/build.make:87: cmTC_9cd72] Error 1
make[1]: Leaving directory '/home/sorimjangddol/termhome/practice_Geant4_1/CMakeFiles/CMakeTmp'
make: *** [Makefile:121: cmTC_9cd72/fast] Error 2


Source file was:
#include <pthread.h>

void* test_func(void* data)
{
  return data;
}

int main(void)
{
  pthread_t thread;
  pthread_create(&thread, NULL, test_func, NULL);
  pthread_detach(thread);
  pthread_join(thread, NULL);
  pthread_atfork(NULL, NULL, NULL);
  pthread_exit(NULL);

  return 0;
}

Performing C SOURCE FILE Test CMAKE_HAVE_LIBC_PTHREAD failed with the following output:
Change Dir: /home/sorimjangddol/termhome/practice_Geant4_1_MT/CMakeFiles/CMakeTmp

Run Build Command(s):/usr/bin/make cmTC_ee227/fast && /usr/bin/make -f CMakeFiles/cmTC_ee227.dir/build.make CMakeFiles/cmTC_ee227.dir/build
make[1]: Entering directory '/home/sorimjangddol/termhome/practice_Geant4_1_MT/CMakeFiles/CMakeTmp'
Building C object CMakeFiles/cmTC_ee227.dir/src.c.o
/usr/bin/cc   -DCMAKE_HAVE_LIBC_PTHREAD   -o CMakeFiles/cmTC_ee227.dir/src.c.o   -c /home/sorimjangddol/termhome/practice_Geant4_1_MT/CMakeFiles/CMakeTmp/src.c
Linking C executable cmTC_ee227
/usr/bin/cmake -E cmake_link_script CMakeFiles/cmTC_ee227.dir/link.txt --verbose=1
/usr/bin/cc  -DCMAKE_HAVE_LIBC_PTHREAD    CMakeFiles/cmTC_ee227.dir/src.c.o  -o cmTC_ee227 
/usr/bin/ld: CMakeFiles/cmTC_ee227.dir/src.c.o: in function `main':
src.c:(.text+0x46): undefined reference to `pthread_create'
/usr/bin/ld: src.c:(.text+0x52): undefined reference to `pthread_detach'
/usr/bin/ld: src.c:(.text+0x63): undefined reference to `pthread_join'
collect2: error: ld returned 1 exit status
make[1]: *** [CMakeFiles/cmTC_ee227.dir/build.make:87: cmTC_ee227] Error 1
make[1]: Leaving directory '/home/sorimjangddol/termhome/practice_Geant4_1_MT/CMakeFiles/CMakeTmp'
make: *** [Makefile:121: cmTC_ee227/fast] Error 2


Source file was:
#include <pthread.h>

void* test_func(void* data)
{
  return data;
}

int main(void)
{
  pthread_t thread;
  pthread_create(&thread, NULL, test_func, NULL);
  pthread_detach(thread);
  pthread_join(thread, NULL);
  pthread_atfork(NULL, NULL, NULL);
  pthread_exit(NULL);

  return 0;
}

Performing C SOURCE FILE Test CMAKE_HAVE_LIBC_PTHREAD failed with the following output:
Change Dir: /home/sorimjangddol/termhome/practice_Geant4_1_MT/CMakeFiles/CMakeTmp

Run Build Command(s):/usr/bin/make cmTC_0048a/fast && /usr/bin/make -f CMakeFiles/cmTC_0048a.dir/build.make CMakeFiles/cmTC_0048a.dir/build
make[1]: Entering directory '/home/sorimjangddol/termhome/practice_Geant4_1_MT/CMakeFiles/CMakeTmp'
Building C object CMakeFiles/cmTC_0048a.dir/src.c.o
/usr/bin/cc   -DCMAKE_HAVE_LIBC_PTHREAD   -o CMakeFiles/cmTC_0048a.dir/src.c.o   -c /home/sorimjangddol/termhome/practice_Geant4_1_MT/CMakeFiles/CMakeTmp/src.c
Linking C executable cmTC_0048a
/usr/bin/cmake -E cmake_link_script CMakeFiles/cmTC_0048a.dir/link.txt --verbose=1
/usr/bin/cc  -DCMAKE_HAVE_LIBC_PTHREAD    CMakeFiles/cmTC_0048a.dir/src.c.o  -o cmTC_0048a 
/usr/bin/ld: CMakeFiles/cmTC_0048a.dir/src.c.o: in function `main':
src.c:(.text+0x46): undefined reference to `pthread_create'
/usr/bin/ld: src.c:(.text+0x52): undefined reference to `pthread_detach'
/usr/bin/ld: src.c:(.text+0x63): undefined reference to `pthread_join'
collect2: error: ld returned 1 exit status
make[1]: *** [CMakeFiles/cmTC_0048a.dir/build.make:87: cmTC_0048a] Error 1
make[1]: Leaving directory '/home/sorimjangddol/termhome/practice_Geant4_1_MT/CMakeFiles/CMakeTmp'
make: *** [Makefile:121: cmTC_0048a/fast] Error 2


Source file was:
#include <pthread.h>

void* test_func(void* data)
{
  return data;
}

int main(void)
{
  pthread_t thread;
  pthread_create(&thread, NULL, test_func, NULL);
  pthread_detach(thread);
  pthread_join(thread, NULL);
  pthread_atfork(NULL, NULL, NULL);
  pthread_exit(NULL);

  return 0;
}

Performing C SOURCE FILE Test CMAKE_HAVE_LIBC_PTHREAD failed with the following output:
Change Dir: /home/sorimjangddol/termhome/practice_Geant4_1/CMakeFiles/CMakeTmp

Run Build Command(s):/usr/bin/make cmTC_778f0/fast && /usr/bin/make -f CMakeFiles/cmTC_778f0.dir/build.make CMakeFiles/cmTC_778f0.dir/build
make[1]: Entering directory '/home/sorimjangddol/termhome/practice_Geant4_1/CMakeFiles/CMakeTmp'
Building C object CMakeFiles/cmTC_778f0.dir/src.c.o
/usr/bin/cc   -DCMAKE_HAVE_LIBC_PTHREAD   -o CMakeFiles/cmTC_778f0.dir/src.c.o   -c /home/sorimjangddol/termhome/practice_Geant4_1/CMakeFiles/CMakeTmp/src.c
Linking C executable cmTC_778f0
/usr/bin/cmake -E cmake_link_script CMakeFiles/cmTC_778f0.dir/link.txt --verbose=1
/usr/bin/cc  -DCMAKE_HAVE_LIBC_PTHREAD    CMakeFiles/cmTC_778f0.dir/src.c.o  -o cmTC_778f0 
/usr/bin/ld: CMakeFiles/cmTC_778f0.dir/src.c.o: in function `main':
src.c:(.text+0x46): undefined reference to `pthread_create'
/usr/bin/ld: src.c:(.text+0x52): undefined reference to `pthread_detach'
/usr/bin/ld: src.c:(.text+0x63): undefined reference to `pthread_join'
collect2: error: ld returned 1 exit status
make[1]: *** [CMakeFiles/cmTC_778f0.dir/build.make:87: cmTC_778f0] Error 1
make[1]: Leaving directory '/home/sorimjangddol/termhome/practice_Geant4_1/CMakeFiles/CMakeTmp'
make: *** [Makefile:121: cmTC_778f0/fast] Error 2


Source file was:
#include <pthread.h>

void* test_func(void* data)
{
  return data;
}

int main(void)
{
  pthread_t thread;
  pthread_create(&thread, NULL, test_func, NULL);
  pthread_detach(thread);
  pthread_join(thread, NULL);
  pthread_atfork(NULL, NULL, NULL);
  pthread_exit(NULL);

  return 0;
}

Performing C SOURCE FILE Test CMAKE_HAVE_LIBC_PTHREAD failed with the following output:
Change Dir: /home/sorimjangddol/termhome/practice_Geant4_1/CMakeFiles/CMakeTmp

Run Build Command(s):/usr/bin/make cmTC_fb82c/fast && /usr/bin/make -f CMakeFiles/cmTC_fb82c.dir/build.make CMakeFiles/cmTC_fb82c.dir/build
make[1]: Entering directory '/home/sorimjangddol/termhome/practice_Geant4_1/CMakeFiles/CMakeTmp'
Building C object CMakeFiles/cmTC_fb82c.dir/src.c.o
/usr/bin/cc   -DCMAKE_HAVE_LIBC_PTHREAD   -o CMakeFiles/cmTC_fb82c.dir/src.c.o   -c /home/sorimjangddol/termhome/practice_Geant4_1/CMakeFiles/CMakeTmp/src.c
Linking C executable cmTC_fb82c
/usr/bin/cmake -E cmake_link_script CMakeFiles/cmTC_fb82c.dir/link.txt --verbose=1
/usr/bin/cc  -DCMAKE_HAVE_LIBC_PTHREAD    CMakeFiles/cmTC_fb82c.dir/src.c.o  -o cmTC_fb82c 
/usr/bin/ld: CMakeFiles/cmTC_fb82c.dir/src.c.o: in function `main':
src.c:(.text+0x46): undefined reference to `pthread_create'
/usr/bin/ld: src.c:(.text+0x52): undefined reference to `pthread_detach'
/usr/bin/ld: src.c:(.text+0x63): undefined reference to `pthread_join'
collect2: error: ld returned 1 exit status
make[1]: *** [CMakeFiles/cmTC_fb82c.dir/build.make:87: cmTC_fb82c] Error 1
make[1]: Leaving directory '/home/sorimjangddol/termhome/practice_Geant4_1/CMakeFiles/CMakeTmp'
make: *** [Makefile:121: cmTC_fb82c/fast] Error 2


Source file was:
#include <pthread.h>

void* test_func(void* data)
{
  return data;
}

int main(void)
{
  pthread_t thread;
  pthread_create(&thread, NULL, test_func, NULL);
  pthread_detach(thread);
  pthread_join(thread, NULL);
  pthread_atfork(NULL, NULL, NULL);
  pthread_exit(NULL);

  return 0;
}

